<?xml version="1.0" encoding="UTF-8"?>
<!-- Generated by org.testng.reporters.JUnitReportReporter -->
<testsuite hostname="DESKTOP-611TCOV" failures="0" tests="1" name="com.nocommerce.testCases.TC_RegisterCust_001" time="25.277" errors="0" timestamp="2022-11-25T17:14:20 IST" skipped="0">
  <testcase classname="com.nocommerce.testCases.TC_RegisterCust_001" name="registerCustomer" time="25.277"/>
  <system-out/>
</testsuite> <!-- com.nocommerce.testCases.TC_RegisterCust_001 -->
