<?xml version="1.0" encoding="UTF-8"?>
<!-- Generated by org.testng.reporters.JUnitReportReporter -->
<testsuite hostname="DESKTOP-611TCOV" failures="0" tests="4" name="com.nocommerce.testCases.TC_LoginDataDrivenTestDTT_002" time="34.461" errors="0" timestamp="2022-12-19T20:05:30 IST" skipped="0">
  <testcase classname="com.nocommerce.testCases.TC_LoginDataDrivenTestDTT_002" name="test_LoginDTT" time="5.790"/>
  <system-out/>
  <testcase classname="com.nocommerce.testCases.TC_LoginDataDrivenTestDTT_002" name="test_LoginDTT" time="16.429"/>
  <system-out/>
  <testcase classname="com.nocommerce.testCases.TC_LoginDataDrivenTestDTT_002" name="test_LoginDTT" time="6.206"/>
  <system-out/>
  <testcase classname="com.nocommerce.testCases.TC_LoginDataDrivenTestDTT_002" name="test_LoginDTT" time="6.036"/>
  <system-out/>
</testsuite> <!-- com.nocommerce.testCases.TC_LoginDataDrivenTestDTT_002 -->
