<?xml version="1.0" encoding="UTF-8"?>
<!-- Generated by org.testng.reporters.JUnitReportReporter -->
<testsuite hostname="DESKTOP-611TCOV" failures="0" tests="4" name="com.nocommerce.testCases.TC_LoginDataDrivenTestDTT_002" time="36.819" errors="0" timestamp="2022-12-26T11:35:53 IST" skipped="0">
  <testcase classname="com.nocommerce.testCases.TC_LoginDataDrivenTestDTT_002" name="test_LoginDTT" time="5.769"/>
  <system-out/>
  <testcase classname="com.nocommerce.testCases.TC_LoginDataDrivenTestDTT_002" name="test_LoginDTT" time="18.613"/>
  <system-out/>
  <testcase classname="com.nocommerce.testCases.TC_LoginDataDrivenTestDTT_002" name="test_LoginDTT" time="6.437"/>
  <system-out/>
  <testcase classname="com.nocommerce.testCases.TC_LoginDataDrivenTestDTT_002" name="test_LoginDTT" time="6.000"/>
  <system-out/>
</testsuite> <!-- com.nocommerce.testCases.TC_LoginDataDrivenTestDTT_002 -->
