<?xml version="1.0" encoding="UTF-8"?>
<!-- Generated by org.testng.reporters.JUnitReportReporter -->
<testsuite hostname="DESKTOP-611TCOV" failures="0" tests="1" name="com.nocommerce.testCases.TC_LoginTest_001" time="16.887" errors="0" timestamp="2022-12-26T19:41:57 IST" skipped="0">
  <testcase classname="com.nocommerce.testCases.TC_LoginTest_001" name="loginTest" time="16.887"/>
  <system-out/>
</testsuite> <!-- com.nocommerce.testCases.TC_LoginTest_001 -->
